<?xml version="1.0" encoding="UTF-8"?>
<!-- Generated by org.testng.reporters.JUnitXMLReporter -->
<testsuite hostname="DESKTOP-G66AB7M" ignored="2" name="OHRM_POM_Test" tests="1" failures="0" timestamp="08 Dec 2021 03:51:25 GMT" time="43.358" errors="0">
  <testcase name="sucessfullLoginActionTest" time="29.947" classname="testcases.TC_01_HrmLogin"/>
  <testcase name="@AfterTest tearDown" time="0.0" classname="base.BaseActions">
    <ignored/>
  </testcase> <!-- @AfterTest tearDown -->
  <testcase name="@BeforeTest setUp" time="0.0" classname="base.BaseActions">
    <ignored/>
  </testcase> <!-- @BeforeTest setUp -->
</testsuite> <!-- OHRM_POM_Test -->
